2021/10/20 13:57:53 [notice] 1#1: using the "epoll" event method
2021/10/20 13:57:53 [notice] 1#1: nginx/1.21.3
2021/10/20 13:57:53 [notice] 1#1: built by gcc 8.3.0 (Debian 8.3.0-6) 
2021/10/20 13:57:53 [notice] 1#1: OS: Linux 5.4.0-87-generic
2021/10/20 13:57:53 [notice] 1#1: getrlimit(RLIMIT_NOFILE): 1048576:1048576
2021/10/20 13:57:53 [notice] 1#1: start worker processes
2021/10/20 13:57:53 [notice] 1#1: start worker process 33
2021/10/20 13:57:53 [notice] 1#1: start worker process 34
2021/10/20 13:57:53 [notice] 1#1: start worker process 35
2021/10/20 13:57:53 [notice] 1#1: start worker process 36
2021/10/20 13:57:53 [notice] 1#1: start worker process 37
2021/10/20 13:57:53 [notice] 1#1: start worker process 38
2021/10/20 13:57:53 [notice] 1#1: start worker process 39
2021/10/20 13:57:53 [notice] 1#1: start worker process 40
2021/10/20 13:59:48 [error] 33#33: *1 open() "/usr/share/nginx/html/index/php" failed (2: No such file or directory), client: 192.168.160.1, server: localhost, request: "GET /index/php HTTP/1.1", host: "localhost"
2021/10/20 14:00:44 [notice] 1#1: signal 3 (SIGQUIT) received, shutting down
2021/10/20 14:00:44 [notice] 33#33: gracefully shutting down
2021/10/20 14:00:44 [notice] 35#35: gracefully shutting down
2021/10/20 14:00:44 [notice] 34#34: gracefully shutting down
2021/10/20 14:00:44 [notice] 36#36: gracefully shutting down
2021/10/20 14:00:44 [notice] 37#37: gracefully shutting down
2021/10/20 14:00:44 [notice] 35#35: exiting
2021/10/20 14:00:44 [notice] 38#38: gracefully shutting down
2021/10/20 14:00:44 [notice] 34#34: exiting
2021/10/20 14:00:44 [notice] 36#36: exiting
2021/10/20 14:00:44 [notice] 37#37: exiting
2021/10/20 14:00:44 [notice] 33#33: exiting
2021/10/20 14:00:44 [notice] 38#38: exiting
2021/10/20 14:00:44 [notice] 35#35: exit
2021/10/20 14:00:44 [notice] 36#36: exit
2021/10/20 14:00:44 [notice] 34#34: exit
2021/10/20 14:00:44 [notice] 37#37: exit
2021/10/20 14:00:44 [notice] 38#38: exit
2021/10/20 14:00:44 [notice] 33#33: exit
2021/10/20 14:00:44 [notice] 39#39: gracefully shutting down
2021/10/20 14:00:44 [notice] 39#39: exiting
2021/10/20 14:00:44 [notice] 39#39: exit
2021/10/20 14:00:44 [notice] 40#40: gracefully shutting down
2021/10/20 14:00:44 [notice] 40#40: exiting
2021/10/20 14:00:44 [notice] 40#40: exit
2021/10/20 14:00:44 [notice] 1#1: signal 17 (SIGCHLD) received from 33
2021/10/20 14:00:44 [notice] 1#1: worker process 33 exited with code 0
2021/10/20 14:00:44 [notice] 1#1: signal 29 (SIGIO) received
2021/10/20 14:00:44 [notice] 1#1: signal 17 (SIGCHLD) received from 38
2021/10/20 14:00:44 [notice] 1#1: worker process 38 exited with code 0
2021/10/20 14:00:44 [notice] 1#1: signal 29 (SIGIO) received
2021/10/20 14:00:44 [notice] 1#1: signal 17 (SIGCHLD) received from 34
2021/10/20 14:00:44 [notice] 1#1: worker process 34 exited with code 0
2021/10/20 14:00:44 [notice] 1#1: worker process 37 exited with code 0
2021/10/20 14:00:44 [notice] 1#1: worker process 40 exited with code 0
2021/10/20 14:00:44 [notice] 1#1: signal 29 (SIGIO) received
2021/10/20 14:00:44 [notice] 1#1: signal 17 (SIGCHLD) received from 37
2021/10/20 14:00:44 [notice] 1#1: signal 17 (SIGCHLD) received from 36
2021/10/20 14:00:44 [notice] 1#1: worker process 36 exited with code 0
2021/10/20 14:00:44 [notice] 1#1: signal 29 (SIGIO) received
2021/10/20 14:00:44 [notice] 1#1: signal 17 (SIGCHLD) received from 39
2021/10/20 14:00:44 [notice] 1#1: worker process 39 exited with code 0
2021/10/20 14:00:44 [notice] 1#1: signal 29 (SIGIO) received
2021/10/20 14:00:44 [notice] 1#1: signal 17 (SIGCHLD) received from 35
2021/10/20 14:00:44 [notice] 1#1: worker process 35 exited with code 0
2021/10/20 14:00:44 [notice] 1#1: exit
2021/10/20 14:00:48 [notice] 1#1: using the "epoll" event method
2021/10/20 14:00:48 [notice] 1#1: nginx/1.21.3
2021/10/20 14:00:48 [notice] 1#1: built by gcc 8.3.0 (Debian 8.3.0-6) 
2021/10/20 14:00:48 [notice] 1#1: OS: Linux 5.4.0-87-generic
2021/10/20 14:00:48 [notice] 1#1: getrlimit(RLIMIT_NOFILE): 1048576:1048576
2021/10/20 14:00:48 [notice] 1#1: start worker processes
2021/10/20 14:00:48 [notice] 1#1: start worker process 32
2021/10/20 14:00:48 [notice] 1#1: start worker process 33
2021/10/20 14:00:48 [notice] 1#1: start worker process 34
2021/10/20 14:00:48 [notice] 1#1: start worker process 35
2021/10/20 14:00:48 [notice] 1#1: start worker process 36
2021/10/20 14:00:48 [notice] 1#1: start worker process 37
2021/10/20 14:00:48 [notice] 1#1: start worker process 38
2021/10/20 14:00:48 [notice] 1#1: start worker process 39
2021/10/20 14:00:50 [error] 32#32: *1 open() "/usr/share/nginx/html/index/php" failed (2: No such file or directory), client: 192.168.176.1, server: localhost, request: "GET /index/php HTTP/1.1", host: "localhost"
2021/10/20 14:00:50 [error] 32#32: *1 open() "/usr/share/nginx/html/index/php" failed (2: No such file or directory), client: 192.168.176.1, server: localhost, request: "GET /index/php HTTP/1.1", host: "localhost"
2021/10/20 14:00:51 [error] 32#32: *1 open() "/usr/share/nginx/html/index/php" failed (2: No such file or directory), client: 192.168.176.1, server: localhost, request: "GET /index/php HTTP/1.1", host: "localhost"
2021/10/20 14:00:51 [error] 32#32: *1 open() "/usr/share/nginx/html/index/php" failed (2: No such file or directory), client: 192.168.176.1, server: localhost, request: "GET /index/php HTTP/1.1", host: "localhost"
2021/10/20 14:00:52 [error] 32#32: *1 open() "/usr/share/nginx/html/index/php" failed (2: No such file or directory), client: 192.168.176.1, server: localhost, request: "GET /index/php HTTP/1.1", host: "localhost"
2021/10/20 14:00:53 [error] 32#32: *1 open() "/usr/share/nginx/html/index/php" failed (2: No such file or directory), client: 192.168.176.1, server: localhost, request: "GET /index/php HTTP/1.1", host: "localhost"
2021/10/20 14:00:53 [error] 32#32: *1 open() "/usr/share/nginx/html/index/php" failed (2: No such file or directory), client: 192.168.176.1, server: localhost, request: "GET /index/php HTTP/1.1", host: "localhost"
2021/10/20 14:00:54 [error] 32#32: *1 open() "/usr/share/nginx/html/index/php" failed (2: No such file or directory), client: 192.168.176.1, server: localhost, request: "GET /index/php HTTP/1.1", host: "localhost"
2021/10/20 14:01:56 [notice] 1#1: signal 3 (SIGQUIT) received, shutting down
2021/10/20 14:01:56 [notice] 32#32: gracefully shutting down
2021/10/20 14:01:56 [notice] 34#34: gracefully shutting down
2021/10/20 14:01:56 [notice] 35#35: gracefully shutting down
2021/10/20 14:01:56 [notice] 33#33: gracefully shutting down
2021/10/20 14:01:56 [notice] 34#34: exiting
2021/10/20 14:01:56 [notice] 38#38: gracefully shutting down
2021/10/20 14:01:56 [notice] 39#39: gracefully shutting down
2021/10/20 14:01:56 [notice] 35#35: exiting
2021/10/20 14:01:56 [notice] 33#33: exiting
2021/10/20 14:01:56 [notice] 32#32: exiting
2021/10/20 14:01:56 [notice] 38#38: exiting
2021/10/20 14:01:56 [notice] 39#39: exiting
2021/10/20 14:01:56 [notice] 34#34: exit
2021/10/20 14:01:56 [notice] 33#33: exit
2021/10/20 14:01:56 [notice] 35#35: exit
2021/10/20 14:01:56 [notice] 32#32: exit
2021/10/20 14:01:56 [notice] 38#38: exit
2021/10/20 14:01:56 [notice] 39#39: exit
2021/10/20 14:01:56 [notice] 37#37: gracefully shutting down
2021/10/20 14:01:56 [notice] 37#37: exiting
2021/10/20 14:01:56 [notice] 36#36: gracefully shutting down
2021/10/20 14:01:56 [notice] 37#37: exit
2021/10/20 14:01:56 [notice] 36#36: exiting
2021/10/20 14:01:56 [notice] 36#36: exit
2021/10/20 14:01:56 [notice] 1#1: signal 17 (SIGCHLD) received from 38
2021/10/20 14:01:56 [notice] 1#1: worker process 34 exited with code 0
2021/10/20 14:01:56 [notice] 1#1: worker process 38 exited with code 0
2021/10/20 14:01:56 [notice] 1#1: signal 29 (SIGIO) received
2021/10/20 14:01:56 [notice] 1#1: signal 17 (SIGCHLD) received from 32
2021/10/20 14:01:56 [notice] 1#1: worker process 32 exited with code 0
2021/10/20 14:01:56 [notice] 1#1: worker process 37 exited with code 0
2021/10/20 14:01:56 [notice] 1#1: signal 29 (SIGIO) received
2021/10/20 14:01:56 [notice] 1#1: signal 17 (SIGCHLD) received from 39
2021/10/20 14:01:56 [notice] 1#1: worker process 39 exited with code 0
2021/10/20 14:01:56 [notice] 1#1: signal 29 (SIGIO) received
2021/10/20 14:01:56 [notice] 1#1: signal 17 (SIGCHLD) received from 33
2021/10/20 14:01:56 [notice] 1#1: worker process 33 exited with code 0
2021/10/20 14:01:56 [notice] 1#1: signal 29 (SIGIO) received
2021/10/20 14:01:56 [notice] 1#1: signal 17 (SIGCHLD) received from 35
2021/10/20 14:01:56 [notice] 1#1: worker process 35 exited with code 0
2021/10/20 14:01:56 [notice] 1#1: signal 29 (SIGIO) received
2021/10/20 14:01:56 [notice] 1#1: signal 17 (SIGCHLD) received from 36
2021/10/20 14:01:56 [notice] 1#1: worker process 36 exited with code 0
2021/10/20 14:01:56 [notice] 1#1: exit
2021/10/20 14:02:26 [error] 8#0: *1 open() "/application/public/index/php" failed (2: No such file or directory), client: 192.168.192.1, server: , request: "GET /index/php HTTP/1.1", host: "localhost"
2021/10/20 14:02:27 [error] 8#0: *1 open() "/application/public/index/php" failed (2: No such file or directory), client: 192.168.192.1, server: , request: "GET /index/php HTTP/1.1", host: "localhost"
2021/10/20 14:02:43 [error] 8#0: *1 "/application/public/index.php" is not found (2: No such file or directory), client: 192.168.192.1, server: , request: "GET / HTTP/1.1", host: "localhost"
2021/10/20 14:02:44 [error] 8#0: *1 "/application/public/index.php" is not found (2: No such file or directory), client: 192.168.192.1, server: , request: "GET / HTTP/1.1", host: "localhost"
2021/10/20 14:02:45 [error] 8#0: *1 "/application/public/index.php" is not found (2: No such file or directory), client: 192.168.192.1, server: , request: "GET / HTTP/1.1", host: "localhost"
2021/10/20 14:02:45 [error] 8#0: *1 "/application/public/index.php" is not found (2: No such file or directory), client: 192.168.192.1, server: , request: "GET / HTTP/1.1", host: "localhost"
2021/10/20 14:04:08 [notice] 1#1: using the "epoll" event method
2021/10/20 14:04:08 [notice] 1#1: nginx/1.21.3
2021/10/20 14:04:08 [notice] 1#1: built by gcc 8.3.0 (Debian 8.3.0-6) 
2021/10/20 14:04:08 [notice] 1#1: OS: Linux 5.4.0-87-generic
2021/10/20 14:04:08 [notice] 1#1: getrlimit(RLIMIT_NOFILE): 1048576:1048576
2021/10/20 14:04:08 [notice] 1#1: start worker processes
2021/10/20 14:04:08 [notice] 1#1: start worker process 31
2021/10/20 14:04:08 [notice] 1#1: start worker process 32
2021/10/20 14:04:08 [notice] 1#1: start worker process 33
2021/10/20 14:04:08 [notice] 1#1: start worker process 34
2021/10/20 14:04:08 [notice] 1#1: start worker process 35
2021/10/20 14:04:08 [notice] 1#1: start worker process 36
2021/10/20 14:04:08 [notice] 1#1: start worker process 37
2021/10/20 14:04:08 [notice] 1#1: start worker process 38
2021/10/20 14:04:10 [error] 31#31: *1 open() "/usr/share/nginx/html/index.php" failed (2: No such file or directory), client: 192.168.208.1, server: localhost, request: "GET /index.php HTTP/1.1", host: "localhost"
2021/10/20 14:04:11 [error] 31#31: *1 open() "/usr/share/nginx/html/index.php" failed (2: No such file or directory), client: 192.168.208.1, server: localhost, request: "GET /index.php HTTP/1.1", host: "localhost"
2021/10/20 14:04:12 [error] 31#31: *1 open() "/usr/share/nginx/html/index.php" failed (2: No such file or directory), client: 192.168.208.1, server: localhost, request: "GET /index.php HTTP/1.1", host: "localhost"
2021/10/20 14:04:12 [error] 31#31: *1 open() "/usr/share/nginx/html/index.php" failed (2: No such file or directory), client: 192.168.208.1, server: localhost, request: "GET /index.php HTTP/1.1", host: "localhost"
2021/10/20 14:04:12 [error] 31#31: *1 open() "/usr/share/nginx/html/index.php" failed (2: No such file or directory), client: 192.168.208.1, server: localhost, request: "GET /index.php HTTP/1.1", host: "localhost"
2021/10/20 14:04:12 [error] 31#31: *1 open() "/usr/share/nginx/html/index.php" failed (2: No such file or directory), client: 192.168.208.1, server: localhost, request: "GET /index.php HTTP/1.1", host: "localhost"
2021/10/20 14:04:12 [error] 31#31: *1 open() "/usr/share/nginx/html/index.php" failed (2: No such file or directory), client: 192.168.208.1, server: localhost, request: "GET /index.php HTTP/1.1", host: "localhost"
2021/10/20 14:04:13 [error] 31#31: *1 open() "/usr/share/nginx/html/index.php" failed (2: No such file or directory), client: 192.168.208.1, server: localhost, request: "GET /index.php HTTP/1.1", host: "localhost"
2021/10/20 14:04:13 [error] 31#31: *1 open() "/usr/share/nginx/html/index.php" failed (2: No such file or directory), client: 192.168.208.1, server: localhost, request: "GET /index.php HTTP/1.1", host: "localhost"
2021/10/20 14:04:13 [error] 31#31: *1 open() "/usr/share/nginx/html/index.php" failed (2: No such file or directory), client: 192.168.208.1, server: localhost, request: "GET /index.php HTTP/1.1", host: "localhost"
2021/10/20 14:04:22 [error] 31#31: *1 open() "/usr/share/nginx/html/index.php" failed (2: No such file or directory), client: 192.168.208.1, server: localhost, request: "GET /index.php HTTP/1.1", host: "localhost"
2021/10/20 14:06:02 [notice] 1#1: signal 3 (SIGQUIT) received, shutting down
2021/10/20 14:06:02 [notice] 31#31: gracefully shutting down
2021/10/20 14:06:02 [notice] 32#32: gracefully shutting down
2021/10/20 14:06:02 [notice] 33#33: gracefully shutting down
2021/10/20 14:06:02 [notice] 31#31: exiting
2021/10/20 14:06:02 [notice] 34#34: gracefully shutting down
2021/10/20 14:06:02 [notice] 36#36: gracefully shutting down
2021/10/20 14:06:02 [notice] 32#32: exiting
2021/10/20 14:06:02 [notice] 33#33: exiting
2021/10/20 14:06:02 [notice] 35#35: gracefully shutting down
2021/10/20 14:06:02 [notice] 34#34: exiting
2021/10/20 14:06:02 [notice] 36#36: exiting
2021/10/20 14:06:02 [notice] 31#31: exit
2021/10/20 14:06:02 [notice] 35#35: exiting
2021/10/20 14:06:02 [notice] 32#32: exit
2021/10/20 14:06:02 [notice] 33#33: exit
2021/10/20 14:06:02 [notice] 34#34: exit
2021/10/20 14:06:02 [notice] 36#36: exit
2021/10/20 14:06:02 [notice] 35#35: exit
2021/10/20 14:06:02 [notice] 37#37: gracefully shutting down
2021/10/20 14:06:02 [notice] 38#38: gracefully shutting down
2021/10/20 14:06:02 [notice] 37#37: exiting
2021/10/20 14:06:02 [notice] 38#38: exiting
2021/10/20 14:06:02 [notice] 37#37: exit
2021/10/20 14:06:02 [notice] 38#38: exit
2021/10/20 14:06:02 [notice] 1#1: signal 17 (SIGCHLD) received from 31
2021/10/20 14:06:02 [notice] 1#1: worker process 31 exited with code 0
2021/10/20 14:06:02 [notice] 1#1: signal 29 (SIGIO) received
2021/10/20 14:06:02 [notice] 1#1: signal 17 (SIGCHLD) received from 32
2021/10/20 14:06:02 [notice] 1#1: worker process 32 exited with code 0
2021/10/20 14:06:02 [notice] 1#1: signal 29 (SIGIO) received
2021/10/20 14:06:02 [notice] 1#1: signal 17 (SIGCHLD) received from 36
2021/10/20 14:06:02 [notice] 1#1: worker process 36 exited with code 0
2021/10/20 14:06:02 [notice] 1#1: signal 29 (SIGIO) received
2021/10/20 14:06:02 [notice] 1#1: signal 17 (SIGCHLD) received from 35
2021/10/20 14:06:02 [notice] 1#1: worker process 35 exited with code 0
2021/10/20 14:06:02 [notice] 1#1: signal 29 (SIGIO) received
2021/10/20 14:06:02 [notice] 1#1: signal 17 (SIGCHLD) received from 33
2021/10/20 14:06:02 [notice] 1#1: worker process 33 exited with code 0
2021/10/20 14:06:02 [notice] 1#1: signal 29 (SIGIO) received
2021/10/20 14:06:02 [notice] 1#1: signal 17 (SIGCHLD) received from 38
2021/10/20 14:06:02 [notice] 1#1: worker process 38 exited with code 0
2021/10/20 14:06:02 [notice] 1#1: signal 29 (SIGIO) received
2021/10/20 14:06:02 [notice] 1#1: signal 17 (SIGCHLD) received from 34
2021/10/20 14:06:02 [notice] 1#1: worker process 34 exited with code 0
2021/10/20 14:06:02 [notice] 1#1: worker process 37 exited with code 0
2021/10/20 14:06:02 [notice] 1#1: exit
2021/10/20 14:06:06 [notice] 1#1: using the "epoll" event method
2021/10/20 14:06:06 [notice] 1#1: nginx/1.21.3
2021/10/20 14:06:06 [notice] 1#1: built by gcc 8.3.0 (Debian 8.3.0-6) 
2021/10/20 14:06:06 [notice] 1#1: OS: Linux 5.4.0-87-generic
2021/10/20 14:06:06 [notice] 1#1: getrlimit(RLIMIT_NOFILE): 1048576:1048576
2021/10/20 14:06:06 [notice] 1#1: start worker processes
2021/10/20 14:06:06 [notice] 1#1: start worker process 32
2021/10/20 14:06:06 [notice] 1#1: start worker process 33
2021/10/20 14:06:06 [notice] 1#1: start worker process 34
2021/10/20 14:06:06 [notice] 1#1: start worker process 35
2021/10/20 14:06:06 [notice] 1#1: start worker process 36
2021/10/20 14:06:06 [notice] 1#1: start worker process 37
2021/10/20 14:06:06 [notice] 1#1: start worker process 38
2021/10/20 14:06:06 [notice] 1#1: start worker process 39
2021/10/20 14:39:03 [notice] 1#1: signal 3 (SIGQUIT) received, shutting down
2021/10/20 14:39:03 [notice] 34#34: gracefully shutting down
2021/10/20 14:39:03 [notice] 34#34: exiting
2021/10/20 14:39:03 [notice] 34#34: exit
2021/10/20 14:39:03 [notice] 33#33: gracefully shutting down
2021/10/20 14:39:03 [notice] 33#33: exiting
2021/10/20 14:39:03 [notice] 33#33: exit
2021/10/20 14:39:03 [notice] 32#32: gracefully shutting down
2021/10/20 14:39:03 [notice] 32#32: exiting
2021/10/20 14:39:03 [notice] 32#32: exit
2021/10/20 14:39:03 [notice] 35#35: gracefully shutting down
2021/10/20 14:39:03 [notice] 35#35: exiting
2021/10/20 14:39:03 [notice] 35#35: exit
2021/10/20 14:39:03 [notice] 36#36: gracefully shutting down
2021/10/20 14:39:03 [notice] 36#36: exiting
2021/10/20 14:39:03 [notice] 36#36: exit
2021/10/20 14:39:03 [notice] 37#37: gracefully shutting down
2021/10/20 14:39:03 [notice] 37#37: exiting
2021/10/20 14:39:03 [notice] 37#37: exit
2021/10/20 14:39:03 [notice] 38#38: gracefully shutting down
2021/10/20 14:39:03 [notice] 38#38: exiting
2021/10/20 14:39:03 [notice] 38#38: exit
2021/10/20 14:39:03 [notice] 39#39: gracefully shutting down
2021/10/20 14:39:03 [notice] 39#39: exiting
2021/10/20 14:39:03 [notice] 39#39: exit
2021/10/20 14:39:03 [notice] 1#1: signal 17 (SIGCHLD) received from 34
2021/10/20 14:39:03 [notice] 1#1: worker process 34 exited with code 0
2021/10/20 14:39:03 [notice] 1#1: signal 29 (SIGIO) received
2021/10/20 14:39:03 [notice] 1#1: signal 17 (SIGCHLD) received from 33
2021/10/20 14:39:03 [notice] 1#1: worker process 33 exited with code 0
2021/10/20 14:39:03 [notice] 1#1: signal 29 (SIGIO) received
2021/10/20 14:39:03 [notice] 1#1: signal 17 (SIGCHLD) received from 32
2021/10/20 14:39:03 [notice] 1#1: worker process 32 exited with code 0
2021/10/20 14:39:03 [notice] 1#1: signal 29 (SIGIO) received
2021/10/20 14:39:03 [notice] 1#1: signal 17 (SIGCHLD) received from 36
2021/10/20 14:39:03 [notice] 1#1: worker process 36 exited with code 0
2021/10/20 14:39:03 [notice] 1#1: signal 29 (SIGIO) received
2021/10/20 14:39:03 [notice] 1#1: signal 17 (SIGCHLD) received from 37
2021/10/20 14:39:03 [notice] 1#1: worker process 37 exited with code 0
2021/10/20 14:39:03 [notice] 1#1: signal 29 (SIGIO) received
2021/10/20 14:39:03 [notice] 1#1: signal 17 (SIGCHLD) received from 38
2021/10/20 14:39:03 [notice] 1#1: worker process 35 exited with code 0
2021/10/20 14:39:03 [notice] 1#1: worker process 38 exited with code 0
2021/10/20 14:39:03 [notice] 1#1: signal 29 (SIGIO) received
2021/10/20 14:39:03 [notice] 1#1: signal 17 (SIGCHLD) received from 35
2021/10/20 14:39:03 [notice] 1#1: signal 17 (SIGCHLD) received from 39
2021/10/20 14:39:03 [notice] 1#1: worker process 39 exited with code 0
2021/10/20 14:39:03 [notice] 1#1: exit
2021/10/21 06:45:19 [notice] 1#1: using the "epoll" event method
2021/10/21 06:45:19 [notice] 1#1: nginx/1.21.3
2021/10/21 06:45:19 [notice] 1#1: built by gcc 8.3.0 (Debian 8.3.0-6) 
2021/10/21 06:45:19 [notice] 1#1: OS: Linux 5.4.0-87-generic
2021/10/21 06:45:19 [notice] 1#1: getrlimit(RLIMIT_NOFILE): 1048576:1048576
2021/10/21 06:45:19 [notice] 1#1: start worker processes
2021/10/21 06:45:19 [notice] 1#1: start worker process 32
2021/10/21 06:45:19 [notice] 1#1: start worker process 33
2021/10/21 06:45:19 [notice] 1#1: start worker process 34
2021/10/21 06:45:19 [notice] 1#1: start worker process 35
2021/10/21 06:45:19 [notice] 1#1: start worker process 36
2021/10/21 06:45:19 [notice] 1#1: start worker process 37
2021/10/21 06:45:19 [notice] 1#1: start worker process 38
2021/10/21 06:45:19 [notice] 1#1: start worker process 39
2021/10/21 06:45:27 [error] 33#33: *1 open() "/usr/share/nginx/html/favicon.ico" failed (2: No such file or directory), client: 172.18.0.1, server: localhost, request: "GET /favicon.ico HTTP/1.1", host: "localhost", referrer: "http://localhost/"
2021/10/21 06:45:42 [notice] 1#1: signal 3 (SIGQUIT) received, shutting down
2021/10/21 06:45:42 [notice] 32#32: gracefully shutting down
2021/10/21 06:45:42 [notice] 33#33: gracefully shutting down
2021/10/21 06:45:42 [notice] 35#35: gracefully shutting down
2021/10/21 06:45:42 [notice] 34#34: gracefully shutting down
2021/10/21 06:45:42 [notice] 36#36: gracefully shutting down
2021/10/21 06:45:42 [notice] 38#38: gracefully shutting down
2021/10/21 06:45:42 [notice] 35#35: exiting
2021/10/21 06:45:42 [notice] 34#34: exiting
2021/10/21 06:45:42 [notice] 36#36: exiting
2021/10/21 06:45:42 [notice] 38#38: exiting
2021/10/21 06:45:42 [notice] 33#33: exiting
2021/10/21 06:45:42 [notice] 35#35: exit
2021/10/21 06:45:42 [notice] 34#34: exit
2021/10/21 06:45:42 [notice] 36#36: exit
2021/10/21 06:45:42 [notice] 38#38: exit
2021/10/21 06:45:42 [notice] 33#33: exit
2021/10/21 06:45:42 [notice] 39#39: gracefully shutting down
2021/10/21 06:45:42 [notice] 37#37: gracefully shutting down
2021/10/21 06:45:42 [notice] 39#39: exiting
2021/10/21 06:45:42 [notice] 37#37: exiting
2021/10/21 06:45:42 [notice] 39#39: exit
2021/10/21 06:45:42 [notice] 37#37: exit
2021/10/21 06:45:42 [notice] 1#1: signal 17 (SIGCHLD) received from 36
2021/10/21 06:45:42 [notice] 1#1: worker process 36 exited with code 0
2021/10/21 06:45:42 [notice] 1#1: worker process 37 exited with code 0
2021/10/21 06:45:42 [notice] 1#1: signal 29 (SIGIO) received
2021/10/21 06:45:42 [notice] 1#1: signal 17 (SIGCHLD) received from 37
2021/10/21 06:45:42 [notice] 1#1: signal 17 (SIGCHLD) received from 38
2021/10/21 06:45:42 [notice] 1#1: worker process 33 exited with code 0
2021/10/21 06:45:42 [notice] 1#1: worker process 38 exited with code 0
2021/10/21 06:45:42 [notice] 1#1: worker process 39 exited with code 0
2021/10/21 06:45:42 [notice] 1#1: signal 29 (SIGIO) received
2021/10/21 06:45:42 [notice] 1#1: signal 17 (SIGCHLD) received from 34
2021/10/21 06:45:42 [notice] 1#1: worker process 34 exited with code 0
2021/10/21 06:45:42 [notice] 1#1: signal 29 (SIGIO) received
2021/10/21 06:45:42 [notice] 1#1: signal 17 (SIGCHLD) received from 35
2021/10/21 06:45:42 [notice] 1#1: worker process 35 exited with code 0
2021/10/21 06:45:42 [notice] 1#1: signal 29 (SIGIO) received
2021/10/21 06:46:09 [notice] 1#1: using the "epoll" event method
2021/10/21 06:46:09 [notice] 1#1: nginx/1.21.3
2021/10/21 06:46:09 [notice] 1#1: built by gcc 8.3.0 (Debian 8.3.0-6) 
2021/10/21 06:46:09 [notice] 1#1: OS: Linux 5.4.0-87-generic
2021/10/21 06:46:09 [notice] 1#1: getrlimit(RLIMIT_NOFILE): 1048576:1048576
2021/10/21 06:46:09 [notice] 1#1: start worker processes
2021/10/21 06:46:09 [notice] 1#1: start worker process 32
2021/10/21 06:46:09 [notice] 1#1: start worker process 33
2021/10/21 06:46:09 [notice] 1#1: start worker process 34
2021/10/21 06:46:09 [notice] 1#1: start worker process 35
2021/10/21 06:46:09 [notice] 1#1: start worker process 36
2021/10/21 06:46:09 [notice] 1#1: start worker process 37
2021/10/21 06:46:09 [notice] 1#1: start worker process 38
2021/10/21 06:46:09 [notice] 1#1: start worker process 39
2021/10/21 06:47:14 [error] 35#35: *1 open() "/usr/share/nginx/html/index.php" failed (2: No such file or directory), client: 172.19.0.1, server: localhost, request: "GET /index.php HTTP/1.1", host: "localhost"
2021/10/21 06:47:25 [notice] 1#1: signal 3 (SIGQUIT) received, shutting down
2021/10/21 06:47:25 [notice] 32#32: gracefully shutting down
2021/10/21 06:47:25 [notice] 33#33: gracefully shutting down
2021/10/21 06:47:25 [notice] 34#34: gracefully shutting down
2021/10/21 06:47:25 [notice] 37#37: gracefully shutting down
2021/10/21 06:47:25 [notice] 33#33: exiting
2021/10/21 06:47:25 [notice] 34#34: exiting
2021/10/21 06:47:25 [notice] 37#37: exiting
2021/10/21 06:47:25 [notice] 39#39: gracefully shutting down
2021/10/21 06:47:25 [notice] 33#33: exit
2021/10/21 06:47:25 [notice] 34#34: exit
2021/10/21 06:47:25 [notice] 37#37: exit
2021/10/21 06:47:25 [notice] 39#39: exiting
2021/10/21 06:47:25 [notice] 39#39: exit
2021/10/21 06:47:25 [notice] 38#38: gracefully shutting down
2021/10/21 06:47:25 [notice] 38#38: exiting
2021/10/21 06:47:25 [notice] 36#36: gracefully shutting down
2021/10/21 06:47:25 [notice] 38#38: exit
2021/10/21 06:47:25 [notice] 36#36: exiting
2021/10/21 06:47:25 [notice] 36#36: exit
2021/10/21 06:47:25 [notice] 35#35: gracefully shutting down
2021/10/21 06:47:25 [notice] 35#35: exiting
2021/10/21 06:47:25 [notice] 35#35: exit
2021/10/21 06:47:25 [notice] 1#1: signal 17 (SIGCHLD) received from 37
2021/10/21 06:47:25 [notice] 1#1: worker process 37 exited with code 0
2021/10/21 06:47:25 [notice] 1#1: signal 29 (SIGIO) received
2021/10/21 06:47:25 [notice] 1#1: signal 17 (SIGCHLD) received from 33
2021/10/21 06:47:25 [notice] 1#1: worker process 33 exited with code 0
2021/10/21 06:47:25 [notice] 1#1: worker process 36 exited with code 0
2021/10/21 06:47:25 [notice] 1#1: worker process 39 exited with code 0
2021/10/21 06:47:25 [notice] 1#1: signal 29 (SIGIO) received
2021/10/21 06:47:25 [notice] 1#1: signal 17 (SIGCHLD) received from 39
2021/10/21 06:47:25 [notice] 1#1: signal 17 (SIGCHLD) received from 38
2021/10/21 06:47:25 [notice] 1#1: worker process 38 exited with code 0
2021/10/21 06:47:25 [notice] 1#1: signal 29 (SIGIO) received
2021/10/21 06:47:25 [notice] 1#1: signal 17 (SIGCHLD) received from 34
2021/10/21 06:47:25 [notice] 1#1: worker process 34 exited with code 0
2021/10/21 06:47:25 [notice] 1#1: worker process 35 exited with code 0
2021/10/21 06:47:25 [notice] 1#1: signal 29 (SIGIO) received
2021/10/21 06:47:25 [notice] 1#1: signal 17 (SIGCHLD) received from 35
2021/10/21 06:50:42 [notice] 1#1: using the "epoll" event method
2021/10/21 06:50:42 [notice] 1#1: nginx/1.21.3
2021/10/21 06:50:42 [notice] 1#1: built by gcc 8.3.0 (Debian 8.3.0-6) 
2021/10/21 06:50:42 [notice] 1#1: OS: Linux 5.4.0-87-generic
2021/10/21 06:50:42 [notice] 1#1: getrlimit(RLIMIT_NOFILE): 1048576:1048576
2021/10/21 06:50:42 [notice] 1#1: start worker processes
2021/10/21 06:50:42 [notice] 1#1: start worker process 32
2021/10/21 06:50:42 [notice] 1#1: start worker process 33
2021/10/21 06:50:42 [notice] 1#1: start worker process 34
2021/10/21 06:50:42 [notice] 1#1: start worker process 35
2021/10/21 06:50:42 [notice] 1#1: start worker process 36
2021/10/21 06:50:42 [notice] 1#1: start worker process 37
2021/10/21 06:50:42 [notice] 1#1: start worker process 38
2021/10/21 06:50:42 [notice] 1#1: start worker process 39
2021/10/21 06:51:46 [error] 32#32: *2 open() "/usr/share/nginx/html/index.php" failed (2: No such file or directory), client: 172.20.0.1, server: localhost, request: "GET /index.php HTTP/1.1", host: "localhost"
2021/10/21 07:15:07 [notice] 1#1: signal 3 (SIGQUIT) received, shutting down
2021/10/21 07:15:07 [notice] 32#32: gracefully shutting down
2021/10/21 07:15:07 [notice] 33#33: gracefully shutting down
2021/10/21 07:15:07 [notice] 34#34: gracefully shutting down
2021/10/21 07:15:07 [notice] 32#32: exiting
2021/10/21 07:15:07 [notice] 36#36: gracefully shutting down
2021/10/21 07:15:07 [notice] 33#33: exiting
2021/10/21 07:15:07 [notice] 34#34: exiting
2021/10/21 07:15:07 [notice] 39#39: gracefully shutting down
2021/10/21 07:15:07 [notice] 36#36: exiting
2021/10/21 07:15:07 [notice] 37#37: gracefully shutting down
2021/10/21 07:15:07 [notice] 39#39: exiting
2021/10/21 07:15:07 [notice] 32#32: exit
2021/10/21 07:15:07 [notice] 33#33: exit
2021/10/21 07:15:07 [notice] 34#34: exit
2021/10/21 07:15:07 [notice] 37#37: exiting
2021/10/21 07:15:07 [notice] 36#36: exit
2021/10/21 07:15:07 [notice] 39#39: exit
2021/10/21 07:15:07 [notice] 37#37: exit
2021/10/21 07:15:07 [notice] 38#38: gracefully shutting down
2021/10/21 07:15:07 [notice] 35#35: gracefully shutting down
2021/10/21 07:15:07 [notice] 38#38: exiting
2021/10/21 07:15:07 [notice] 35#35: exiting
2021/10/21 07:15:07 [notice] 38#38: exit
2021/10/21 07:15:07 [notice] 35#35: exit
2021/10/21 07:15:07 [notice] 1#1: signal 17 (SIGCHLD) received from 37
2021/10/21 07:15:07 [notice] 1#1: worker process 33 exited with code 0
2021/10/21 07:15:07 [notice] 1#1: worker process 37 exited with code 0
2021/10/21 07:15:07 [notice] 1#1: signal 29 (SIGIO) received
2021/10/21 07:15:07 [notice] 1#1: signal 17 (SIGCHLD) received from 33
2021/10/21 07:15:07 [notice] 1#1: signal 17 (SIGCHLD) received from 36
2021/10/21 07:15:07 [notice] 1#1: worker process 32 exited with code 0
2021/10/21 07:15:07 [notice] 1#1: worker process 36 exited with code 0
2021/10/21 07:15:07 [notice] 1#1: worker process 38 exited with code 0
2021/10/21 07:15:07 [notice] 1#1: signal 29 (SIGIO) received
2021/10/21 07:15:07 [notice] 1#1: signal 17 (SIGCHLD) received from 38
2021/10/21 07:15:07 [notice] 1#1: signal 17 (SIGCHLD) received from 35
2021/10/21 07:15:07 [notice] 1#1: worker process 34 exited with code 0
2021/10/21 07:15:07 [notice] 1#1: worker process 35 exited with code 0
2021/10/21 07:15:07 [notice] 1#1: worker process 39 exited with code 0
2021/10/21 07:15:07 [notice] 1#1: exit
2021/10/21 07:47:45 [crit] 1#1: pread() "/etc/nginx/sites-enabled/default" failed (21: Is a directory)
2021/10/21 07:47:45 [crit] 1#1: pread() "/etc/nginx/sites-enabled/default" failed (21: Is a directory)
2021/10/21 07:47:46 [crit] 1#1: pread() "/etc/nginx/sites-enabled/default" failed (21: Is a directory)
2021/10/21 07:47:47 [crit] 1#1: pread() "/etc/nginx/sites-enabled/default" failed (21: Is a directory)
2021/10/21 07:47:48 [crit] 1#1: pread() "/etc/nginx/sites-enabled/default" failed (21: Is a directory)
2021/10/21 07:47:50 [crit] 1#1: pread() "/etc/nginx/sites-enabled/default" failed (21: Is a directory)
2021/10/21 07:47:54 [crit] 1#1: pread() "/etc/nginx/sites-enabled/default" failed (21: Is a directory)
2021/10/21 07:48:01 [crit] 1#1: pread() "/etc/nginx/sites-enabled/default" failed (21: Is a directory)
2021/10/21 07:48:15 [crit] 1#1: pread() "/etc/nginx/sites-enabled/default" failed (21: Is a directory)
2021/10/21 07:48:41 [crit] 1#1: pread() "/etc/nginx/sites-enabled/default" failed (21: Is a directory)
2021/10/21 07:49:35 [emerg] 1#1: "server" directive is not allowed here in /etc/nginx/nginx.conf:1
2021/10/21 07:49:36 [emerg] 1#1: "server" directive is not allowed here in /etc/nginx/nginx.conf:1
2021/10/21 07:49:37 [emerg] 1#1: "server" directive is not allowed here in /etc/nginx/nginx.conf:1
2021/10/21 07:49:38 [emerg] 1#1: "server" directive is not allowed here in /etc/nginx/nginx.conf:1
2021/10/21 07:49:39 [emerg] 1#1: "server" directive is not allowed here in /etc/nginx/nginx.conf:1
2021/10/21 07:49:41 [emerg] 1#1: "server" directive is not allowed here in /etc/nginx/nginx.conf:1
2021/10/21 07:49:45 [emerg] 1#1: "server" directive is not allowed here in /etc/nginx/nginx.conf:1
2021/10/21 07:49:52 [emerg] 1#1: "server" directive is not allowed here in /etc/nginx/nginx.conf:1
2021/10/21 07:49:55 [emerg] 1#1: "server" directive is not allowed here in /etc/nginx/nginx.conf:1
2021/10/21 07:49:56 [emerg] 1#1: "server" directive is not allowed here in /etc/nginx/nginx.conf:1
2021/10/21 07:49:56 [emerg] 1#1: "server" directive is not allowed here in /etc/nginx/nginx.conf:1
2021/10/21 07:49:57 [emerg] 1#1: "server" directive is not allowed here in /etc/nginx/nginx.conf:1
2021/10/21 07:49:59 [emerg] 1#1: "server" directive is not allowed here in /etc/nginx/nginx.conf:1
2021/10/21 07:50:01 [emerg] 1#1: "server" directive is not allowed here in /etc/nginx/nginx.conf:1
2021/10/21 07:50:05 [emerg] 1#1: "server" directive is not allowed here in /etc/nginx/nginx.conf:1
2021/10/21 07:50:11 [emerg] 1#1: "server" directive is not allowed here in /etc/nginx/nginx.conf:1
2021/10/21 07:50:25 [emerg] 1#1: "server" directive is not allowed here in /etc/nginx/nginx.conf:1
2021/10/21 07:50:51 [emerg] 1#1: "server" directive is not allowed here in /etc/nginx/nginx.conf:1
2021/10/21 07:51:43 [emerg] 1#1: "server" directive is not allowed here in /etc/nginx/nginx.conf:1
2021/10/21 07:52:11 [crit] 1#1: pread() "/etc/nginx/sites-enabled/default" failed (21: Is a directory)
2021/10/21 07:52:12 [crit] 1#1: pread() "/etc/nginx/sites-enabled/default" failed (21: Is a directory)
2021/10/21 07:52:12 [crit] 1#1: pread() "/etc/nginx/sites-enabled/default" failed (21: Is a directory)
2021/10/21 07:52:13 [crit] 1#1: pread() "/etc/nginx/sites-enabled/default" failed (21: Is a directory)
2021/10/21 07:52:15 [crit] 1#1: pread() "/etc/nginx/sites-enabled/default" failed (21: Is a directory)
2021/10/21 07:52:17 [crit] 1#1: pread() "/etc/nginx/sites-enabled/default" failed (21: Is a directory)
2021/10/21 07:52:21 [crit] 1#1: pread() "/etc/nginx/sites-enabled/default" failed (21: Is a directory)
2021/10/21 07:52:28 [crit] 1#1: pread() "/etc/nginx/sites-enabled/default" failed (21: Is a directory)
2021/10/21 07:52:41 [crit] 1#1: pread() "/etc/nginx/sites-enabled/default" failed (21: Is a directory)
2021/10/21 07:52:58 [crit] 1#1: pread() "/etc/nginx/sites-enabled/default" failed (21: Is a directory)
2021/10/21 07:52:59 [crit] 1#1: pread() "/etc/nginx/sites-enabled/default" failed (21: Is a directory)
2021/10/21 07:53:00 [crit] 1#1: pread() "/etc/nginx/sites-enabled/default" failed (21: Is a directory)
2021/10/21 07:53:01 [crit] 1#1: pread() "/etc/nginx/sites-enabled/default" failed (21: Is a directory)
2021/10/21 07:53:02 [crit] 1#1: pread() "/etc/nginx/sites-enabled/default" failed (21: Is a directory)
2021/10/21 07:53:04 [crit] 1#1: pread() "/etc/nginx/sites-enabled/default" failed (21: Is a directory)
2021/10/21 07:53:08 [crit] 1#1: pread() "/etc/nginx/sites-enabled/default" failed (21: Is a directory)
2021/10/21 07:53:15 [crit] 1#1: pread() "/etc/nginx/sites-enabled/default" failed (21: Is a directory)
2021/10/21 07:53:28 [crit] 1#1: pread() "/etc/nginx/sites-enabled/default" failed (21: Is a directory)
2021/10/21 07:53:54 [crit] 1#1: pread() "/etc/nginx/sites-enabled/default" failed (21: Is a directory)
2021/10/21 07:54:46 [crit] 1#1: pread() "/etc/nginx/sites-enabled/default" failed (21: Is a directory)
2021/10/21 07:55:47 [crit] 1#1: pread() "/etc/nginx/sites-enabled/default" failed (21: Is a directory)
2021/10/21 07:56:47 [crit] 1#1: pread() "/etc/nginx/sites-enabled/default" failed (21: Is a directory)
2021/10/21 07:57:48 [crit] 1#1: pread() "/etc/nginx/sites-enabled/default" failed (21: Is a directory)
