2021/10/22 07:01:30 [notice] 1#1: using the "epoll" event method
2021/10/22 07:01:30 [notice] 1#1: nginx/1.21.3
2021/10/22 07:01:30 [notice] 1#1: built by gcc 8.3.0 (Debian 8.3.0-6) 
2021/10/22 07:01:30 [notice] 1#1: OS: Linux 3.10.0-1160.45.1.el7.x86_64
2021/10/22 07:01:30 [notice] 1#1: getrlimit(RLIMIT_NOFILE): 1048576:1048576
2021/10/22 07:01:30 [notice] 1#1: start worker processes
2021/10/22 07:01:30 [notice] 1#1: start worker process 22
2021/10/22 07:01:30 [notice] 1#1: start worker process 23
2021/10/22 07:01:30 [notice] 1#1: start worker process 24
2021/10/22 07:01:30 [notice] 1#1: start worker process 25
2021/10/22 07:09:17 [notice] 1#1: signal 3 (SIGQUIT) received, shutting down
2021/10/22 07:09:17 [notice] 22#22: gracefully shutting down
2021/10/22 07:09:17 [notice] 22#22: exiting
2021/10/22 07:09:17 [notice] 23#23: gracefully shutting down
2021/10/22 07:09:17 [notice] 23#23: exiting
2021/10/22 07:09:17 [notice] 24#24: gracefully shutting down
2021/10/22 07:09:17 [notice] 24#24: exiting
2021/10/22 07:09:17 [notice] 25#25: gracefully shutting down
2021/10/22 07:09:17 [notice] 25#25: exiting
2021/10/22 07:09:17 [notice] 25#25: exit
2021/10/22 07:09:17 [notice] 23#23: exit
2021/10/22 07:09:17 [notice] 24#24: exit
2021/10/22 07:09:17 [notice] 22#22: exit
2021/10/22 07:09:17 [notice] 1#1: signal 17 (SIGCHLD) received from 22
2021/10/22 07:09:17 [notice] 1#1: worker process 22 exited with code 0
2021/10/22 07:09:17 [notice] 1#1: signal 29 (SIGIO) received
2021/10/22 07:09:17 [notice] 1#1: signal 17 (SIGCHLD) received from 23
2021/10/22 07:09:17 [notice] 1#1: worker process 23 exited with code 0
2021/10/22 07:09:17 [notice] 1#1: signal 29 (SIGIO) received
2021/10/22 07:09:17 [notice] 1#1: signal 17 (SIGCHLD) received from 24
2021/10/22 07:09:17 [notice] 1#1: worker process 24 exited with code 0
2021/10/22 07:09:17 [notice] 1#1: worker process 25 exited with code 0
2021/10/22 07:09:17 [notice] 1#1: exit
2021/10/22 07:09:54 [notice] 1#1: using the "epoll" event method
2021/10/22 07:09:54 [notice] 1#1: nginx/1.21.3
2021/10/22 07:09:54 [notice] 1#1: built by gcc 8.3.0 (Debian 8.3.0-6) 
2021/10/22 07:09:54 [notice] 1#1: OS: Linux 3.10.0-1160.45.1.el7.x86_64
2021/10/22 07:09:54 [notice] 1#1: getrlimit(RLIMIT_NOFILE): 1048576:1048576
2021/10/22 07:09:54 [notice] 1#1: start worker processes
2021/10/22 07:09:54 [notice] 1#1: start worker process 23
2021/10/22 07:09:54 [notice] 1#1: start worker process 24
2021/10/22 07:09:54 [notice] 1#1: start worker process 25
2021/10/22 07:09:54 [notice] 1#1: start worker process 26
2021/10/22 07:12:38 [notice] 1#1: signal 3 (SIGQUIT) received, shutting down
2021/10/22 07:12:38 [notice] 26#26: gracefully shutting down
2021/10/22 07:12:38 [notice] 26#26: exiting
2021/10/22 07:12:38 [notice] 26#26: exit
2021/10/22 07:12:38 [notice] 25#25: gracefully shutting down
2021/10/22 07:12:38 [notice] 25#25: exiting
2021/10/22 07:12:38 [notice] 25#25: exit
2021/10/22 07:12:38 [notice] 24#24: gracefully shutting down
2021/10/22 07:12:38 [notice] 24#24: exiting
2021/10/22 07:12:38 [notice] 24#24: exit
2021/10/22 07:12:38 [notice] 23#23: gracefully shutting down
2021/10/22 07:12:38 [notice] 23#23: exiting
2021/10/22 07:12:38 [notice] 23#23: exit
2021/10/22 07:12:38 [notice] 1#1: signal 17 (SIGCHLD) received from 26
2021/10/22 07:12:38 [notice] 1#1: worker process 26 exited with code 0
2021/10/22 07:12:38 [notice] 1#1: signal 29 (SIGIO) received
2021/10/22 07:12:38 [notice] 1#1: signal 17 (SIGCHLD) received from 24
2021/10/22 07:12:38 [notice] 1#1: worker process 24 exited with code 0
2021/10/22 07:12:38 [notice] 1#1: signal 29 (SIGIO) received
2021/10/22 07:12:38 [notice] 1#1: signal 17 (SIGCHLD) received from 25
2021/10/22 07:12:38 [notice] 1#1: worker process 25 exited with code 0
2021/10/22 07:12:38 [notice] 1#1: signal 29 (SIGIO) received
2021/10/22 07:12:38 [notice] 1#1: signal 17 (SIGCHLD) received from 23
2021/10/22 07:12:38 [notice] 1#1: worker process 23 exited with code 0
2021/10/22 07:12:38 [notice] 1#1: exit
2021/10/22 07:12:59 [notice] 1#1: using the "epoll" event method
2021/10/22 07:12:59 [notice] 1#1: nginx/1.21.3
2021/10/22 07:12:59 [notice] 1#1: built by gcc 8.3.0 (Debian 8.3.0-6) 
2021/10/22 07:12:59 [notice] 1#1: OS: Linux 3.10.0-1160.45.1.el7.x86_64
2021/10/22 07:12:59 [notice] 1#1: getrlimit(RLIMIT_NOFILE): 1048576:1048576
2021/10/22 07:12:59 [notice] 1#1: start worker processes
2021/10/22 07:12:59 [notice] 1#1: start worker process 23
2021/10/22 07:12:59 [notice] 1#1: start worker process 24
2021/10/22 07:12:59 [notice] 1#1: start worker process 25
2021/10/22 07:12:59 [notice] 1#1: start worker process 26
2021/10/22 07:28:35 [notice] 1#1: signal 3 (SIGQUIT) received, shutting down
2021/10/22 07:28:35 [notice] 24#24: gracefully shutting down
2021/10/22 07:28:35 [notice] 24#24: exiting
2021/10/22 07:28:35 [notice] 24#24: exit
2021/10/22 07:28:35 [notice] 26#26: gracefully shutting down
2021/10/22 07:28:35 [notice] 26#26: exiting
2021/10/22 07:28:35 [notice] 26#26: exit
2021/10/22 07:28:35 [notice] 23#23: gracefully shutting down
2021/10/22 07:28:35 [notice] 23#23: exiting
2021/10/22 07:28:35 [notice] 23#23: exit
2021/10/22 07:28:35 [notice] 25#25: gracefully shutting down
2021/10/22 07:28:35 [notice] 25#25: exiting
2021/10/22 07:28:35 [notice] 25#25: exit
2021/10/22 07:28:35 [notice] 1#1: signal 17 (SIGCHLD) received from 25
2021/10/22 07:28:35 [notice] 1#1: worker process 25 exited with code 0
2021/10/22 07:28:35 [notice] 1#1: worker process 26 exited with code 0
2021/10/22 07:28:35 [notice] 1#1: signal 29 (SIGIO) received
2021/10/22 07:28:35 [notice] 1#1: signal 17 (SIGCHLD) received from 23
2021/10/22 07:28:35 [notice] 1#1: worker process 23 exited with code 0
2021/10/22 07:28:35 [notice] 1#1: signal 29 (SIGIO) received
2021/10/22 07:28:35 [notice] 1#1: signal 17 (SIGCHLD) received from 24
2021/10/22 07:28:35 [notice] 1#1: worker process 24 exited with code 0
2021/10/22 07:28:35 [notice] 1#1: exit
2021/10/22 07:58:02 [emerg] 1#1: host not found in upstream "php" in /etc/nginx/conf.d/fozzy.conf:10
